C:\USERS\PLAGON\DOCUMENTS\GIT-WORKSPACE\TEMP\CUDATUTORIAL\2DKERN\2DKERN\DEBUG\2DKERN.EXE.EMBED.MANIFEST
C:\USERS\PLAGON\DOCUMENTS\GIT-WORKSPACE\TEMP\CUDATUTORIAL\2DKERN\2DKERN\DEBUG\2DKERN.EXE.EMBED.MANIFEST.RES
C:\USERS\PLAGON\DOCUMENTS\GIT-WORKSPACE\TEMP\CUDATUTORIAL\2DKERN\2DKERN\DEBUG\2DKERN.EXE.INTERMEDIATE.MANIFEST
C:\USERS\PLAGON\DOCUMENTS\GIT-WORKSPACE\TEMP\CUDATUTORIAL\2DKERN\2DKERN\DEBUG\2DKERN.PCH
C:\Users\plagon\Documents\Git-Workspace\temp\CudaTutorial\2DKern\2DKern\Debug\2DKern.vcxprojResolveAssemblyReference.cache
C:\Users\plagon\Documents\Git-Workspace\temp\CudaTutorial\2DKern\2DKern\Debug\2DKern.write.1.tlog
C:\Users\plagon\Documents\Git-Workspace\temp\CudaTutorial\2DKern\2DKern\Debug\2DKern_manifest.rc
C:\Users\plagon\Documents\Git-Workspace\temp\CudaTutorial\2DKern\2DKern\Debug\2Dkerns.cu.cache
C:\Users\plagon\Documents\Git-Workspace\temp\CudaTutorial\2DKern\2DKern\Debug\2Dkerns.cu.obj
C:\Users\plagon\Documents\Git-Workspace\temp\CudaTutorial\2DKern\2DKern\Debug\cl.command.1.tlog
C:\Users\plagon\Documents\Git-Workspace\temp\CudaTutorial\2DKern\2DKern\Debug\CL.read.1.tlog
C:\Users\plagon\Documents\Git-Workspace\temp\CudaTutorial\2DKern\2DKern\Debug\CL.write.1.tlog
C:\Users\plagon\Documents\Git-Workspace\temp\CudaTutorial\2DKern\2DKern\Debug\link.2708.read.1.tlog
C:\Users\plagon\Documents\Git-Workspace\temp\CudaTutorial\2DKern\2DKern\Debug\link.2708.write.1.tlog
C:\Users\plagon\Documents\Git-Workspace\temp\CudaTutorial\2DKern\2DKern\Debug\link.2708-cvtres.read.1.tlog
C:\Users\plagon\Documents\Git-Workspace\temp\CudaTutorial\2DKern\2DKern\Debug\link.2708-cvtres.write.1.tlog
C:\Users\plagon\Documents\Git-Workspace\temp\CudaTutorial\2DKern\2DKern\Debug\link.6544.read.1.tlog
C:\Users\plagon\Documents\Git-Workspace\temp\CudaTutorial\2DKern\2DKern\Debug\link.6544.write.1.tlog
C:\Users\plagon\Documents\Git-Workspace\temp\CudaTutorial\2DKern\2DKern\Debug\link.6544-cvtres.read.1.tlog
C:\Users\plagon\Documents\Git-Workspace\temp\CudaTutorial\2DKern\2DKern\Debug\link.6544-cvtres.write.1.tlog
C:\Users\plagon\Documents\Git-Workspace\temp\CudaTutorial\2DKern\2DKern\Debug\link.7484.read.1.tlog
C:\Users\plagon\Documents\Git-Workspace\temp\CudaTutorial\2DKern\2DKern\Debug\link.7484.write.1.tlog
C:\Users\plagon\Documents\Git-Workspace\temp\CudaTutorial\2DKern\2DKern\Debug\link.7484-cvtres.read.1.tlog
C:\Users\plagon\Documents\Git-Workspace\temp\CudaTutorial\2DKern\2DKern\Debug\link.7484-cvtres.write.1.tlog
C:\Users\plagon\Documents\Git-Workspace\temp\CudaTutorial\2DKern\2DKern\Debug\link.8092.read.1.tlog
C:\Users\plagon\Documents\Git-Workspace\temp\CudaTutorial\2DKern\2DKern\Debug\link.8092.write.1.tlog
C:\Users\plagon\Documents\Git-Workspace\temp\CudaTutorial\2DKern\2DKern\Debug\link.8092-cvtres.read.1.tlog
C:\Users\plagon\Documents\Git-Workspace\temp\CudaTutorial\2DKern\2DKern\Debug\link.8092-cvtres.write.1.tlog
C:\Users\plagon\Documents\Git-Workspace\temp\CudaTutorial\2DKern\2DKern\Debug\link.command.1.tlog
C:\Users\plagon\Documents\Git-Workspace\temp\CudaTutorial\2DKern\2DKern\Debug\link.read.1.tlog
C:\Users\plagon\Documents\Git-Workspace\temp\CudaTutorial\2DKern\2DKern\Debug\link.write.1.tlog
C:\Users\plagon\Documents\Git-Workspace\temp\CudaTutorial\2DKern\2DKern\Debug\link-cvtres.read.1.tlog
C:\Users\plagon\Documents\Git-Workspace\temp\CudaTutorial\2DKern\2DKern\Debug\link-cvtres.write.1.tlog
C:\Users\plagon\Documents\Git-Workspace\temp\CudaTutorial\2DKern\2DKern\Debug\mt.command.1.tlog
C:\Users\plagon\Documents\Git-Workspace\temp\CudaTutorial\2DKern\2DKern\Debug\mt.read.1.tlog
C:\Users\plagon\Documents\Git-Workspace\temp\CudaTutorial\2DKern\2DKern\Debug\mt.write.1.tlog
C:\Users\plagon\Documents\Git-Workspace\temp\CudaTutorial\2DKern\2DKern\Debug\rc.command.1.tlog
C:\Users\plagon\Documents\Git-Workspace\temp\CudaTutorial\2DKern\2DKern\Debug\rc.read.1.tlog
C:\Users\plagon\Documents\Git-Workspace\temp\CudaTutorial\2DKern\2DKern\Debug\rc.write.1.tlog
C:\USERS\PLAGON\DOCUMENTS\GIT-WORKSPACE\TEMP\CUDATUTORIAL\2DKERN\2DKERN\DEBUG\STDAFX.OBJ
C:\Users\plagon\Documents\Git-Workspace\temp\CudaTutorial\2DKern\2DKern\Debug\vc100.idb
C:\USERS\PLAGON\DOCUMENTS\GIT-WORKSPACE\TEMP\CUDATUTORIAL\2DKERN\2DKERN\DEBUG\VC100.PDB
C:\USERS\PLAGON\DOCUMENTS\GIT-WORKSPACE\TEMP\CUDATUTORIAL\2DKERN\DEBUG\2DKERN.EXE
C:\USERS\PLAGON\DOCUMENTS\GIT-WORKSPACE\TEMP\CUDATUTORIAL\2DKERN\DEBUG\2DKERN.ILK
C:\USERS\PLAGON\DOCUMENTS\GIT-WORKSPACE\TEMP\CUDATUTORIAL\2DKERN\DEBUG\2DKERN.PDB
