Build started 6/5/2015 5:23:29 PM.
     1>Project "C:\Users\plagon\Documents\Git-Workspace\temp\CudaTutorial\2DKern\2DKern\2DKern.vcxproj" on node 2 (build target(s)).
     1>InitializeBuildStatus:
         Creating "Debug\2DKern.unsuccessfulbuild" because "AlwaysCreate" was specified.
       AddCudaCompileDeps:
         C:\Program Files (x86)\Microsoft Visual Studio 10.0\VC\bin\cl.exe /E /nologo /showIncludes /TP /D__CUDACC__ /DWIN32 /D_DEBUG /D_CONSOLE /D_UNICODE /DUNICODE /I"C:\Program Files\NVIDIA GPU Computing Toolkit\CUDA\v5.0\include" /I"C:\Program Files\NVIDIA GPU Computing Toolkit\CUDA\v5.0\bin" /I"C:\Program Files\NVIDIA GPU Computing Toolkit\CUDA\v5.0\include" /I. /FIcuda_runtime.h /c C:\Users\plagon\Documents\Git-Workspace\temp\CudaTutorial\2DKern\2DKern\2Dkerns.cu 
       AddCudaCompilePropsDeps:
       Skipping target "AddCudaCompilePropsDeps" because all output files are up-to-date with respect to the input files.
       CudaBuild:
         Compiling CUDA source file 2Dkerns.cu...
         cmd.exe /C "C:\Users\plagon\AppData\Local\Temp\tmp12cd2b11422644d89b2db50bb905c42c.cmd"
         "C:\Program Files\NVIDIA GPU Computing Toolkit\CUDA\v5.0\bin\nvcc.exe" -gencode=arch=compute_10,code=\"sm_10,compute_10\" --use-local-env --cl-version 2010 -ccbin "C:\Program Files (x86)\Microsoft Visual Studio 10.0\VC\bin"  -I"C:\Program Files\NVIDIA GPU Computing Toolkit\CUDA\v5.0\include" -I"C:\Program Files\NVIDIA GPU Computing Toolkit\CUDA\v5.0\include"  -G   --keep-dir "Debug" -maxrregcount=0  --machine 32 --compile  -g   -DWIN32 -D_DEBUG -D_CONSOLE -D_UNICODE -DUNICODE -Xcompiler "/EHsc /W3 /nologo /Od /Zi /RTC1 /MDd  " -o "Debug\2Dkerns.cu.obj" "C:\Users\plagon\Documents\Git-Workspace\temp\CudaTutorial\2DKern\2DKern\2Dkerns.cu"
         
         C:\Users\plagon\Documents\Git-Workspace\temp\CudaTutorial\2DKern\2DKern>"C:\Program Files\NVIDIA GPU Computing Toolkit\CUDA\v5.0\bin\nvcc.exe" -gencode=arch=compute_10,code=\"sm_10,compute_10\" --use-local-env --cl-version 2010 -ccbin "C:\Program Files (x86)\Microsoft Visual Studio 10.0\VC\bin"  -I"C:\Program Files\NVIDIA GPU Computing Toolkit\CUDA\v5.0\include" -I"C:\Program Files\NVIDIA GPU Computing Toolkit\CUDA\v5.0\include"  -G   --keep-dir "Debug" -maxrregcount=0  --machine 32 --compile  -g   -DWIN32 -D_DEBUG -D_CONSOLE -D_UNICODE -DUNICODE -Xcompiler "/EHsc /W3 /nologo /Od /Zi /RTC1 /MDd  " -o "Debug\2Dkerns.cu.obj" "C:\Users\plagon\Documents\Git-Workspace\temp\CudaTutorial\2DKern\2DKern\2Dkerns.cu" 
         2Dkerns.cu
     1>C:/Users/plagon/Documents/Git-Workspace/temp/CudaTutorial/2DKern/2DKern/2Dkerns.cu(26): warning : pointless comparison of unsigned integer with zero
         
     1>C:/Users/plagon/Documents/Git-Workspace/temp/CudaTutorial/2DKern/2DKern/2Dkerns.cu(33): warning : pointless comparison of unsigned integer with zero
         
         tmpxft_00001e08_00000000-2_2Dkerns.cudafe1.gpu
         tmpxft_00001e08_00000000-7_2Dkerns.cudafe2.gpu
         2Dkerns.cu
     1>C:/Users/plagon/Documents/Git-Workspace/temp/CudaTutorial/2DKern/2DKern/2Dkerns.cu(26): warning : pointless comparison of unsigned integer with zero
         
     1>C:/Users/plagon/Documents/Git-Workspace/temp/CudaTutorial/2DKern/2DKern/2Dkerns.cu(33): warning : pointless comparison of unsigned integer with zero
         
         tmpxft_00001e08_00000000-2_2Dkerns.cudafe1.cpp
         tmpxft_00001e08_00000000-12_2Dkerns.ii
         Deleting file "tmpxft_00001e08_00000000-8_2Dkerns.cpp3.o".
       ClCompile:
         All outputs are up-to-date.
       ManifestResourceCompile:
         All outputs are up-to-date.
       Link:
         C:\Program Files (x86)\Microsoft Visual Studio 10.0\VC\bin\link.exe /ERRORREPORT:PROMPT /OUT:"C:\Users\plagon\Documents\Git-Workspace\temp\CudaTutorial\2DKern\Debug\2DKern.exe" /INCREMENTAL /NOLOGO /LIBPATH:"C:\Program Files\NVIDIA GPU Computing Toolkit\CUDA\v5.0\lib\Win32" cudart.lib kernel32.lib user32.lib gdi32.lib winspool.lib comdlg32.lib advapi32.lib shell32.lib ole32.lib oleaut32.lib uuid.lib odbc32.lib odbccp32.lib /MANIFEST /ManifestFile:"Debug\2DKern.exe.intermediate.manifest" /MANIFESTUAC:"level='asInvoker' uiAccess='false'" /DEBUG /PDB:"C:\Users\plagon\Documents\Git-Workspace\temp\CudaTutorial\2DKern\Debug\2DKern.pdb" /SUBSYSTEM:CONSOLE /TLBID:1 /DYNAMICBASE /NXCOMPAT /IMPLIB:"C:\Users\plagon\Documents\Git-Workspace\temp\CudaTutorial\2DKern\Debug\2DKern.lib" /MACHINE:X86 Debug\2Dkerns.cu.obj
         Debug\2DKern.exe.embed.manifest.res
         Debug\stdafx.obj
       Manifest:
         C:\Program Files (x86)\Microsoft SDKs\Windows\v7.0A\bin\mt.exe /nologo /verbose /out:"Debug\2DKern.exe.embed.manifest" /manifest Debug\2DKern.exe.intermediate.manifest
         All outputs are up-to-date.
       LinkEmbedManifest:
         All outputs are up-to-date.
         2DKern.vcxproj -> C:\Users\plagon\Documents\Git-Workspace\temp\CudaTutorial\2DKern\Debug\2DKern.exe
       FinalizeBuildStatus:
         Deleting file "Debug\2DKern.unsuccessfulbuild".
         Touching "Debug\2DKern.lastbuildstate".
     1>Done Building Project "C:\Users\plagon\Documents\Git-Workspace\temp\CudaTutorial\2DKern\2DKern\2DKern.vcxproj" (build target(s)).

Build succeeded.

Time Elapsed 00:00:03.62
